e:\fairygame\fairygame\x64\release\vc143.pdb
e:\fairygame\fairygame\x64\release\text_renderer.obj
e:\fairygame\fairygame\x64\release\texture.obj
e:\fairygame\fairygame\x64\release\stb_image.obj
e:\fairygame\fairygame\x64\release\sprite_renderer.obj
e:\fairygame\fairygame\x64\release\sprite_animation.obj
e:\fairygame\fairygame\x64\release\shield.obj
e:\fairygame\fairygame\x64\release\shader.obj
e:\fairygame\fairygame\x64\release\resource_manager.obj
e:\fairygame\fairygame\x64\release\mob_flower.obj
e:\fairygame\fairygame\x64\release\main.obj
e:\fairygame\fairygame\x64\release\hero.obj
e:\fairygame\fairygame\x64\release\game_object.obj
e:\fairygame\fairygame\x64\release\game_level.obj
e:\fairygame\fairygame\x64\release\game.obj
e:\fairygame\fairygame\x64\release\bullet.obj
e:\fairygame\fairygame\x64\release\glad.obj
e:\fairygame\x64\release\fairygame.exe
e:\fairygame\fairygame\x64\release\fairygame.ipdb
e:\fairygame\x64\release\fairygame.pdb
e:\fairygame\fairygame\x64\release\fairygame.iobj
e:\fairygame\fairygame\x64\release\timer.obj
e:\fairygame\fairygame\x64\release\fairygame.tlog\cl.command.1.tlog
e:\fairygame\fairygame\x64\release\fairygame.tlog\cl.read.1.tlog
e:\fairygame\fairygame\x64\release\fairygame.tlog\cl.write.1.tlog
e:\fairygame\fairygame\x64\release\fairygame.tlog\link.command.1.tlog
e:\fairygame\fairygame\x64\release\fairygame.tlog\link.read.1.tlog
e:\fairygame\fairygame\x64\release\fairygame.tlog\link.write.1.tlog
